<?xml version="1.0" encoding="UTF-8" ?>
<testsuite tests="11" failures="1" name="com.cucumber.TestRunnerJugador" time="0.315" errors="6" skipped="0">
  <properties>
[...]
</properties>
  <testcase classname="jugador juego 21" name="verificar que al jugador le repartan dos cartas" time="0.025">
    <failure type="java.lang.AssertionError">java.lang.AssertionError
	at com.cucumber.stepDefinitionJugador.jugadorSteps.el_jugador_tiene_dos_cartas(jugadorSteps.java:55)
	at ✽.el jugador tiene dos cartas(classpath:features/jugador.feature:7)
</failure>
    <system-out>
Scenario: verificar que al jugador le repartan dos cartas # features/jugador.feature:4
  Given un jugador                                        # com.cucumber.stepDefinitionJugador.jugadorSteps.un_jugador()

Cartas casa: 
 [(X, X)], [(7, Diamante)], [(8, Diamante)]

Cartas jugador: 
[(6, Diamante)], [(K, Corazones)], [(3, Diamante)]
Puntaje jugador: 19

Jugador, quiere mas cartas? (Escriba &apos;No&apos; para plantar su juego): 

*** Termino el juego ***
Cartas casa: 
[(K, Tr�bol)], [(7, Diamante)], [(8, Diamante)]
Puntaje casa: 25

Cartas jugador: 
[(6, Diamante)], [(K, Corazones)], [(3, Diamante)]
Puntaje jugador: 19
  When inicia el juego                                    # com.cucumber.stepDefinitionJugador.jugadorSteps.el_juego_inicia()
  Then el jugador tiene dos cartas                        # com.cucumber.stepDefinitionJugador.jugadorSteps.el_jugador_tiene_dos_cartas()
      java.lang.AssertionError
	at com.cucumber.stepDefinitionJugador.jugadorSteps.el_jugador_tiene_dos_cartas(jugadorSteps.java:55)
	at ✽.el jugador tiene dos cartas(classpath:features/jugador.feature:7)

</system-out>
    <system-err>?????????????????????????????????????????????????????????????????????????????????????
? Share your Cucumber Report with your team at https://reports.cucumber.io          ?
? Activate publishing with one of the following:                                    ?
?                                                                                   ?
? src/test/resources/cucumber.properties:          cucumber.publish.enabled=true    ?
? src/test/resources/junit-platform.properties:    cucumber.publish.enabled=true    ?
? Environment variable:                            CUCUMBER_PUBLISH_ENABLED=true    ?
? JUnit:                                           @CucumberOptions(publish = true) ?
?                                                                                   ?
? More information at https://reports.cucumber.io/docs/cucumber-jvm                 ?
?                                                                                   ?
? Disable this message with one of the following:                                   ?
?                                                                                   ?
? src/test/resources/cucumber.properties:          cucumber.publish.quiet=true      ?
? src/test/resources/junit-platform.properties:    cucumber.publish.quiet=true      ?
?????????????????????????????????????????????????????????????????????????????????????
</system-err>
  </testcase>
  <testcase classname="jugador juego 21" name="verificar que un jugador puede recibir cartas siempre y cuando no se superen los 21 puntos #1" time="0.118">
    <error message="The step &quot;se reparte una carta : true&quot; is undefined. You can implement it using the snippet(s) below:

@Then(&quot;se reparte una carta : true&quot;)
public void se_reparte_una_carta_true() {
    // Write code here that turns the phrase above into concrete actions
    throw new io.cucumber.java.PendingException();
}
" type="io.cucumber.junit.UndefinedStepException">io.cucumber.junit.UndefinedStepException: The step &quot;se reparte una carta : true&quot; is undefined. You can implement it using the snippet(s) below:

@Then(&quot;se reparte una carta : true&quot;)
public void se_reparte_una_carta_true() {
    // Write code here that turns the phrase above into concrete actions
    throw new io.cucumber.java.PendingException();
}

</error>
    <system-out>
Scenario Outline: verificar que un jugador puede recibir cartas siempre y cuando no se superen los 21 puntos # features/jugador.feature:17
  Given un jugador                                                                                           # com.cucumber.stepDefinitionJugador.jugadorSteps.un_jugador()
  When el jugador solicita una carta                                                                         # com.cucumber.stepDefinitionJugador.jugadorSteps.el_jugador_solicita_una_carta()
  And se valida el 8                                                                                         # com.cucumber.stepDefinitionJugador.jugadorSteps.se_valida_el_puntaje(int)
  Then se reparte una carta : true                                                                           # null
</system-out>
  </testcase>
  <testcase classname="jugador juego 21" name="verificar que un jugador puede recibir cartas siempre y cuando no se superen los 21 puntos #2" time="0.012">
    <error message="The step &quot;se reparte una carta : false&quot; is undefined. You can implement it using the snippet(s) below:

@Then(&quot;se reparte una carta : false&quot;)
public void se_reparte_una_carta_false() {
    // Write code here that turns the phrase above into concrete actions
    throw new io.cucumber.java.PendingException();
}
" type="io.cucumber.junit.UndefinedStepException">io.cucumber.junit.UndefinedStepException: The step &quot;se reparte una carta : false&quot; is undefined. You can implement it using the snippet(s) below:

@Then(&quot;se reparte una carta : false&quot;)
public void se_reparte_una_carta_false() {
    // Write code here that turns the phrase above into concrete actions
    throw new io.cucumber.java.PendingException();
}

</error>
    <system-out>
Scenario Outline: verificar que un jugador puede recibir cartas siempre y cuando no se superen los 21 puntos # features/jugador.feature:18
  Given un jugador                                                                                           # com.cucumber.stepDefinitionJugador.jugadorSteps.un_jugador()
  When el jugador solicita una carta                                                                         # com.cucumber.stepDefinitionJugador.jugadorSteps.el_jugador_solicita_una_carta()
  And se valida el 23                                                                                        # com.cucumber.stepDefinitionJugador.jugadorSteps.se_valida_el_puntaje(int)
  Then se reparte una carta : false                                                                          # null
</system-out>
  </testcase>
  <testcase classname="jugador juego 21" name="verificar que un jugador puede recibir cartas siempre y cuando no se superen los 21 puntos #3" time="0.011">
    <error message="The step &quot;se reparte una carta : true&quot; is undefined. You can implement it using the snippet(s) below:

@Then(&quot;se reparte una carta : true&quot;)
public void se_reparte_una_carta_true() {
    // Write code here that turns the phrase above into concrete actions
    throw new io.cucumber.java.PendingException();
}
" type="io.cucumber.junit.UndefinedStepException">io.cucumber.junit.UndefinedStepException: The step &quot;se reparte una carta : true&quot; is undefined. You can implement it using the snippet(s) below:

@Then(&quot;se reparte una carta : true&quot;)
public void se_reparte_una_carta_true() {
    // Write code here that turns the phrase above into concrete actions
    throw new io.cucumber.java.PendingException();
}

</error>
    <system-out>
Scenario Outline: verificar que un jugador puede recibir cartas siempre y cuando no se superen los 21 puntos # features/jugador.feature:19
  Given un jugador                                                                                           # com.cucumber.stepDefinitionJugador.jugadorSteps.un_jugador()
  When el jugador solicita una carta                                                                         # com.cucumber.stepDefinitionJugador.jugadorSteps.el_jugador_solicita_una_carta()
  And se valida el 20                                                                                        # com.cucumber.stepDefinitionJugador.jugadorSteps.se_valida_el_puntaje(int)
  Then se reparte una carta : true                                                                           # null
</system-out>
  </testcase>
  <testcase classname="jugador juego 21" name="verificar que un jugador puede recibir cartas siempre y cuando no se superen los 21 puntos #4" time="0.069">
    <error message="The step &quot;se reparte una carta : false&quot; is undefined. You can implement it using the snippet(s) below:

@Then(&quot;se reparte una carta : false&quot;)
public void se_reparte_una_carta_false() {
    // Write code here that turns the phrase above into concrete actions
    throw new io.cucumber.java.PendingException();
}
" type="io.cucumber.junit.UndefinedStepException">io.cucumber.junit.UndefinedStepException: The step &quot;se reparte una carta : false&quot; is undefined. You can implement it using the snippet(s) below:

@Then(&quot;se reparte una carta : false&quot;)
public void se_reparte_una_carta_false() {
    // Write code here that turns the phrase above into concrete actions
    throw new io.cucumber.java.PendingException();
}

</error>
    <system-out>
Scenario Outline: verificar que un jugador puede recibir cartas siempre y cuando no se superen los 21 puntos # features/jugador.feature:20
  Given un jugador                                                                                           # com.cucumber.stepDefinitionJugador.jugadorSteps.un_jugador()
  When el jugador solicita una carta                                                                         # com.cucumber.stepDefinitionJugador.jugadorSteps.el_jugador_solicita_una_carta()
  And se valida el 26                                                                                        # com.cucumber.stepDefinitionJugador.jugadorSteps.se_valida_el_puntaje(int)
  Then se reparte una carta : false                                                                          # null
</system-out>
  </testcase>
  <testcase classname="jugador juego 21" name="verificar que un jugador puede recibir cartas siempre y cuando no se superen los 21 puntos #5" time="0.001">
    <error message="The step &quot;se reparte una carta : true&quot; is undefined. You can implement it using the snippet(s) below:

@Then(&quot;se reparte una carta : true&quot;)
public void se_reparte_una_carta_true() {
    // Write code here that turns the phrase above into concrete actions
    throw new io.cucumber.java.PendingException();
}
" type="io.cucumber.junit.UndefinedStepException">io.cucumber.junit.UndefinedStepException: The step &quot;se reparte una carta : true&quot; is undefined. You can implement it using the snippet(s) below:

@Then(&quot;se reparte una carta : true&quot;)
public void se_reparte_una_carta_true() {
    // Write code here that turns the phrase above into concrete actions
    throw new io.cucumber.java.PendingException();
}

</error>
    <system-out>
Scenario Outline: verificar que un jugador puede recibir cartas siempre y cuando no se superen los 21 puntos # features/jugador.feature:21
  Given un jugador                                                                                           # com.cucumber.stepDefinitionJugador.jugadorSteps.un_jugador()
  When el jugador solicita una carta                                                                         # com.cucumber.stepDefinitionJugador.jugadorSteps.el_jugador_solicita_una_carta()
  And se valida el 15                                                                                        # com.cucumber.stepDefinitionJugador.jugadorSteps.se_valida_el_puntaje(int)
  Then se reparte una carta : true                                                                           # null
</system-out>
  </testcase>
  <testcase classname="jugador juego 21" name="verificar que un jugador puede recibir cartas siempre y cuando no se superen los 21 puntos #6" time="0.021">
    <error message="The step &quot;se reparte una carta : false&quot; is undefined. You can implement it using the snippet(s) below:

@Then(&quot;se reparte una carta : false&quot;)
public void se_reparte_una_carta_false() {
    // Write code here that turns the phrase above into concrete actions
    throw new io.cucumber.java.PendingException();
}
" type="io.cucumber.junit.UndefinedStepException">io.cucumber.junit.UndefinedStepException: The step &quot;se reparte una carta : false&quot; is undefined. You can implement it using the snippet(s) below:

@Then(&quot;se reparte una carta : false&quot;)
public void se_reparte_una_carta_false() {
    // Write code here that turns the phrase above into concrete actions
    throw new io.cucumber.java.PendingException();
}

</error>
    <system-out>
Scenario Outline: verificar que un jugador puede recibir cartas siempre y cuando no se superen los 21 puntos # features/jugador.feature:22
  Given un jugador                                                                                           # com.cucumber.stepDefinitionJugador.jugadorSteps.un_jugador()
  When el jugador solicita una carta                                                                         # com.cucumber.stepDefinitionJugador.jugadorSteps.el_jugador_solicita_una_carta()
  And se valida el 22                                                                                        # com.cucumber.stepDefinitionJugador.jugadorSteps.se_valida_el_puntaje(int)
  Then se reparte una carta : false                                                                          # null
</system-out>
  </testcase>
  <testcase classname="jugador juego 21" name="Determinar el puntaje de los jugadores y definir el ganador #1" time="0.017"/>
  <testcase classname="jugador juego 21" name="Determinar el puntaje de los jugadores y definir el ganador #2" time="0.014"/>
  <testcase classname="jugador juego 21" name="Determinar el puntaje de los jugadores y definir el ganador #3" time="0.017"/>
  <testcase classname="jugador juego 21" name="Determinar el puntaje de los jugadores y definir el ganador #4" time="0.01"/>
</testsuite>