<?xml version="1.0" encoding="UTF-8" ?>
<testsuite tests="17" failures="1" name="com.cucumber.TestRunnerCasa" time="1.559" errors="0" skipped="0">
  <properties>
[...]
</properties>
  <testcase classname="casa juego 21" name="verificar que como casa me repartan dos cartas" time="1.06">
    <failure type="java.lang.AssertionError">java.lang.AssertionError
	at com.cucumber.stepDefinitionCasa.casaSteps.la_casa_tiene_dos_cartas(casaSteps.java:56)
	at ✽.la casa tiene dos cartas(classpath:features/casa.feature:7)
</failure>
    <system-out>
Scenario: verificar que como casa me repartan dos cartas # features/casa.feature:4
  Given la casa                                          # com.cucumber.stepDefinitionCasa.casaSteps.la_casa()

Cartas casa: 
 [(X, X)], [(J, Diamante)], [(J, Tr�bol)]

Cartas jugador: 
[(4, Tr�bol)], [(4, Diamante)], [(Q, Diamante)]
Puntaje jugador: 18

Jugador, quiere mas cartas? (Escriba &apos;No&apos; para plantar su juego): 

*** Termino el juego ***
Cartas casa: 
[(5, Corazones)], [(J, Diamante)], [(J, Tr�bol)]
Puntaje casa: 25

Cartas jugador: 
[(4, Tr�bol)], [(4, Diamante)], [(Q, Diamante)]
Puntaje jugador: 18
  When el juego inicia                                   # com.cucumber.stepDefinitionCasa.casaSteps.el_juego_inicia()
  Then la casa tiene dos cartas                          # com.cucumber.stepDefinitionCasa.casaSteps.la_casa_tiene_dos_cartas()
      java.lang.AssertionError
	at com.cucumber.stepDefinitionCasa.casaSteps.la_casa_tiene_dos_cartas(casaSteps.java:56)
	at ✽.la casa tiene dos cartas(classpath:features/casa.feature:7)

</system-out>
  </testcase>
  <testcase classname="casa juego 21" name="verificar que la casa pueda recibir cartas siempre y cuando no se superen los 21 puntos y el jugador se haya plantado #1" time="0.04"/>
  <testcase classname="casa juego 21" name="verificar que la casa pueda recibir cartas siempre y cuando no se superen los 21 puntos y el jugador se haya plantado #2" time="0.023"/>
  <testcase classname="casa juego 21" name="verificar que la casa pueda recibir cartas siempre y cuando no se superen los 21 puntos y el jugador se haya plantado #3" time="0.018"/>
  <testcase classname="casa juego 21" name="verificar que la casa pueda recibir cartas siempre y cuando no se superen los 21 puntos y el jugador se haya plantado #4" time="0.009"/>
  <testcase classname="casa juego 21" name="verificar que la casa pueda recibir cartas siempre y cuando no se superen los 21 puntos y el jugador se haya plantado #5" time="0.033"/>
  <testcase classname="casa juego 21" name="realizar el conteo de mis cartas #1" time="0.029"/>
  <testcase classname="casa juego 21" name="realizar el conteo de mis cartas #2" time="0.028"/>
  <testcase classname="casa juego 21" name="realizar el conteo de mis cartas #3" time="0.028"/>
  <testcase classname="casa juego 21" name="realizar el conteo de mis cartas #4" time="0.029"/>
  <testcase classname="casa juego 21" name="realizar el conteo de mis cartas #5" time="0.002"/>
  <testcase classname="casa juego 21" name="realizar el conteo de mis cartas #6" time="0.028"/>
  <testcase classname="casa juego 21" name="realizar el conteo de mis cartas #7" time="0.026"/>
  <testcase classname="casa juego 21" name="Conocer el resultado final para saber el ganador #1" time="0.158"/>
  <testcase classname="casa juego 21" name="Conocer el resultado final para saber el ganador #2" time="0.012"/>
  <testcase classname="casa juego 21" name="Conocer el resultado final para saber el ganador #3" time="0.022"/>
  <testcase classname="casa juego 21" name="Conocer el resultado final para saber el ganador #4" time="0.014"/>
</testsuite>